<?xml version="1.0" encoding="UTF-8"?>
<testsuite xmlns:xsi="http://www.w3.org/2001/XMLSchema-instance" xsi:noNamespaceSchemaLocation="https://maven.apache.org/surefire/maven-surefire-plugin/xsd/surefire-test-report.xsd" name="LoginTest" time="108.135" tests="8" errors="0" skipped="0" failures="0">
  <properties>
[...]
</properties>
  <testcase name="loginWithAccountButton[0]" classname="LoginTest" time="9.198"/>
  <testcase name="loginWithLoginButton[0]" classname="LoginTest" time="8.812"/>
  <testcase name="loginWithForgotPasswordButton[0]" classname="LoginTest" time="13.032"/>
  <testcase name="loginWithRegistrationButton[0]" classname="LoginTest" time="8.334"/>
  <testcase name="loginWithAccountButton[1]" classname="LoginTest" time="13.396"/>
  <testcase name="loginWithLoginButton[1]" classname="LoginTest" time="10.623"/>
  <testcase name="loginWithForgotPasswordButton[1]" classname="LoginTest" time="9.514"/>
  <testcase name="loginWithRegistrationButton[1]" classname="LoginTest" time="35.213"/>
</testsuite>